TN:
SF:src\config\env.ts
FN:4,requireEnv
FNF:1
FNH:1
FNDA:15,requireEnv
DA:1,5
DA:2,5
DA:5,15
DA:6,15
DA:7,15
DA:10,5
LF:6
LH:6
BRDA:5,0,0,15
BRDA:5,0,1,0
BRDA:5,1,0,15
BRDA:5,1,1,15
BRDA:6,2,0,0
BRDA:6,2,1,15
BRDA:11,3,0,5
BRDA:11,3,1,0
BRDA:11,4,0,5
BRDA:11,4,1,5
BRDA:12,5,0,5
BRDA:12,5,1,0
BRDA:12,6,0,5
BRDA:12,6,1,5
BRDA:18,7,0,5
BRDA:18,7,1,0
BRDA:18,8,0,5
BRDA:18,8,1,5
BRDA:21,9,0,5
BRDA:21,9,1,0
BRDA:21,10,0,5
BRDA:21,10,1,5
BRDA:22,11,0,5
BRDA:22,11,1,0
BRDA:22,12,0,5
BRDA:22,12,1,5
BRDA:23,13,0,5
BRDA:23,13,1,0
BRDA:23,14,0,5
BRDA:23,14,1,5
BRDA:27,15,0,5
BRDA:27,15,1,0
BRDA:27,16,0,5
BRDA:27,16,1,5
BRDA:28,17,0,5
BRDA:28,17,1,0
BRDA:28,18,0,5
BRDA:28,18,1,5
BRDA:29,19,0,5
BRDA:29,19,1,0
BRDA:29,20,0,5
BRDA:29,20,1,5
BRDA:31,21,0,5
BRDA:31,21,1,0
BRDA:31,22,0,5
BRDA:31,22,1,5
BRF:46
BRH:34
end_of_record
TN:
SF:src\controllers\billing.controller.ts
FN:18,(anonymous_0)
FN:33,(anonymous_1)
FN:47,(anonymous_2)
FN:70,(anonymous_3)
FN:97,(anonymous_4)
FNF:5
FNH:5
FNDA:2,(anonymous_0)
FNDA:2,(anonymous_1)
FNDA:2,(anonymous_2)
FNDA:2,(anonymous_3)
FNDA:2,(anonymous_4)
DA:2,3
DA:4,3
DA:6,3
DA:7,3
DA:11,3
DA:20,2
DA:21,2
DA:22,2
DA:23,1
DA:25,1
DA:26,1
DA:34,2
DA:35,2
DA:36,2
DA:37,2
DA:39,0
DA:40,0
DA:48,2
DA:49,2
DA:50,2
DA:53,1
DA:55,1
DA:56,1
DA:63,3
DA:71,2
DA:72,2
DA:74,2
DA:75,1
DA:76,1
DA:79,1
DA:80,1
DA:85,1
DA:87,0
DA:88,0
DA:98,2
DA:100,2
DA:101,1
DA:102,1
DA:105,1
DA:106,1
DA:107,1
DA:109,0
DA:110,0
LF:43
LH:37
BRDA:22,0,0,2
BRDA:22,0,1,0
BRDA:22,1,0,2
BRDA:22,1,1,2
BRDA:26,2,0,1
BRDA:26,2,1,0
BRDA:26,3,0,1
BRDA:26,3,1,1
BRDA:26,4,0,0
BRDA:26,4,1,1
BRDA:26,5,0,1
BRDA:26,5,1,1
BRDA:36,6,0,2
BRDA:36,6,1,0
BRDA:36,7,0,2
BRDA:36,7,1,2
BRDA:36,8,0,2
BRDA:36,8,1,0
BRDA:36,9,0,2
BRDA:36,9,1,2
BRDA:40,10,0,0
BRDA:40,10,1,0
BRDA:40,11,0,0
BRDA:40,11,1,0
BRDA:40,12,0,0
BRDA:40,12,1,0
BRDA:40,13,0,0
BRDA:40,13,1,0
BRDA:51,14,0,2
BRDA:51,14,1,0
BRDA:51,15,0,2
BRDA:51,15,1,2
BRDA:51,16,0,2
BRDA:51,16,1,0
BRDA:51,17,0,2
BRDA:51,17,1,2
BRDA:56,18,0,1
BRDA:56,18,1,0
BRDA:56,19,0,1
BRDA:56,19,1,1
BRDA:56,20,0,1
BRDA:56,20,1,0
BRDA:56,21,0,1
BRDA:56,21,1,1
BRDA:74,22,0,1
BRDA:74,22,1,1
BRDA:82,23,0,1
BRDA:82,23,1,0
BRDA:82,24,0,1
BRDA:82,24,1,1
BRDA:82,25,0,1
BRDA:82,25,1,0
BRDA:82,26,0,1
BRDA:82,26,1,1
BRDA:88,27,0,0
BRDA:88,27,1,0
BRDA:88,28,0,0
BRDA:88,28,1,0
BRDA:88,29,0,0
BRDA:88,29,1,0
BRDA:88,30,0,0
BRDA:88,30,1,0
BRDA:100,31,0,1
BRDA:100,31,1,1
BRDA:100,32,0,2
BRDA:100,32,1,2
BRDA:110,33,0,0
BRDA:110,33,1,0
BRDA:110,34,0,0
BRDA:110,34,1,0
BRDA:110,35,0,0
BRDA:110,35,1,0
BRDA:110,36,0,0
BRDA:110,36,1,0
BRF:74
BRH:39
end_of_record
TN:
SF:src\controllers\webhook.controller.ts
FN:27,(anonymous_0)
FN:101,(anonymous_1)
FNF:2
FNH:2
FNDA:5,(anonymous_0)
FNDA:1,(anonymous_1)
DA:2,3
DA:3,3
DA:4,3
DA:5,3
DA:7,3
DA:11,3
DA:28,5
DA:30,5
DA:34,5
DA:35,5
DA:36,5
DA:38,0
DA:41,0
DA:42,0
DA:43,0
DA:47,5
DA:49,5
DA:50,0
DA:51,0
DA:52,0
DA:54,5
DA:55,0
DA:58,5
DA:62,5
DA:63,0
DA:64,0
DA:65,0
DA:66,0
DA:67,0
DA:70,0
DA:71,0
DA:72,0
DA:76,0
DA:77,0
DA:78,0
DA:79,0
DA:80,0
DA:82,0
DA:85,0
DA:88,0
DA:89,0
DA:90,0
DA:91,0
DA:96,5
DA:100,5
DA:102,1
LF:46
LH:19
BRDA:30,0,0,5
BRDA:30,0,1,0
BRDA:30,1,0,5
BRDA:30,1,1,5
BRDA:35,2,0,5
BRDA:35,2,1,0
BRDA:49,3,0,0
BRDA:49,3,1,5
BRDA:51,4,0,0
BRDA:51,4,1,0
BRDA:54,5,0,0
BRDA:54,5,1,5
BRDA:62,6,0,0
BRDA:62,6,1,5
BRDA:62,7,0,5
BRDA:62,7,1,0
BRDA:64,8,0,0
BRDA:64,8,1,0
BRDA:76,9,0,0
BRDA:76,9,1,0
BRDA:88,10,0,0
BRDA:88,10,1,0
BRF:22
BRH:8
end_of_record
TN:
SF:src\middlewares\auth.middleware.ts
FN:11,authenticate
FN:27,authorize
FN:28,(anonymous_2)
FN:41,authenticateService
FNF:4
FNH:4
FNDA:19,authenticate
FNDA:3,authorize
FNDA:4,(anonymous_2)
FNDA:3,authenticateService
DA:2,3
DA:11,3
DA:12,19
DA:13,19
DA:14,4
DA:15,4
DA:18,15
DA:19,15
DA:20,15
DA:21,15
DA:23,0
DA:27,3
DA:28,3
DA:29,4
DA:30,0
DA:31,0
DA:33,4
DA:34,1
DA:35,1
DA:37,3
DA:41,3
DA:42,3
DA:43,3
DA:44,1
DA:45,1
DA:47,2
LF:26
LH:23
BRDA:13,0,0,4
BRDA:13,0,1,15
BRDA:13,1,0,4
BRDA:13,1,1,15
BRDA:13,2,0,19
BRDA:13,2,1,19
BRDA:29,3,0,0
BRDA:29,3,1,4
BRDA:33,4,0,1
BRDA:33,4,1,3
BRDA:43,5,0,1
BRDA:43,5,1,2
BRDA:43,6,0,3
BRDA:43,6,1,2
BRF:14
BRH:13
end_of_record
TN:
SF:src\routes\billing.routes.ts
FNF:0
FNH:0
DA:1,3
DA:2,3
DA:3,3
DA:5,3
DA:14,3
DA:24,3
DA:33,3
DA:45,3
DA:56,3
DA:62,3
LF:10
LH:10
BRF:0
BRH:0
end_of_record
TN:
SF:src\routes\pricing.routes.ts
FN:16,(anonymous_0)
FN:35,(anonymous_1)
FNF:2
FNH:2
FNDA:3,(anonymous_0)
FNDA:3,(anonymous_1)
DA:1,3
DA:3,3
DA:4,3
DA:6,3
DA:8,3
DA:9,3
DA:16,3
DA:17,3
DA:18,3
DA:19,3
DA:21,0
DA:22,0
DA:31,3
DA:36,3
DA:37,3
DA:38,3
DA:39,2
DA:41,1
DA:42,1
DA:47,3
LF:20
LH:18
BRDA:22,0,0,0
BRDA:22,0,1,0
BRDA:22,1,0,0
BRDA:22,1,1,0
BRDA:22,2,0,0
BRDA:22,2,1,0
BRDA:22,3,0,0
BRDA:22,3,1,0
BRDA:42,4,0,1
BRDA:42,4,1,0
BRDA:42,5,0,1
BRDA:42,5,1,1
BRDA:42,6,0,1
BRDA:42,6,1,0
BRDA:42,7,0,1
BRDA:42,7,1,1
BRF:16
BRH:6
end_of_record
TN:
SF:src\routes\webhook.routes.ts
FN:11,(anonymous_1)
FNF:1
FNH:1
FNDA:5,(anonymous_1)
DA:1,3
DA:2,3
DA:3,3
DA:5,3
DA:8,3
DA:13,5
DA:14,5
DA:16,5
DA:21,3
LF:9
LH:9
BRDA:13,0,0,5
BRDA:13,0,1,0
BRF:2
BRH:1
end_of_record
TN:
SF:src\services\billing.service.ts
FN:12,(anonymous_0)
FN:22,(anonymous_1)
FN:32,(anonymous_2)
FN:57,(anonymous_3)
FN:113,(anonymous_4)
FN:142,(anonymous_5)
FN:150,(anonymous_6)
FNF:7
FNH:6
FNDA:5,(anonymous_0)
FNDA:5,(anonymous_1)
FNDA:5,(anonymous_2)
FNDA:7,(anonymous_3)
FNDA:5,(anonymous_4)
FNDA:0,(anonymous_5)
FNDA:2,(anonymous_6)
DA:1,4
DA:3,4
DA:5,4
DA:6,4
DA:10,4
DA:13,5
DA:14,1
DA:16,4
DA:17,1
DA:19,3
DA:23,5
DA:24,2
DA:26,3
DA:27,2
DA:29,1
DA:33,5
DA:34,5
DA:36,3
DA:37,1
DA:39,2
DA:40,0
DA:43,2
DA:49,4
DA:63,7
DA:64,7
DA:66,6
DA:67,0
DA:69,6
DA:70,1
DA:72,5
DA:73,1
DA:77,4
DA:82,4
DA:83,4
DA:86,4
DA:87,4
DA:88,3
DA:98,4
DA:99,4
DA:102,4
DA:104,4
DA:114,5
DA:115,5
DA:118,4
DA:119,1
DA:120,1
DA:124,3
DA:125,1
DA:132,2
DA:133,2
DA:134,2
DA:138,2
DA:139,2
DA:142,2
DA:143,0
DA:151,2
DA:152,2
DA:153,2
DA:155,0
DA:166,0
DA:167,0
DA:168,0
DA:170,0
DA:173,0
LF:64
LH:55
BRDA:13,0,0,1
BRDA:13,0,1,4
BRDA:13,1,0,5
BRDA:13,1,1,1
BRDA:16,2,0,1
BRDA:16,2,1,3
BRDA:16,3,0,4
BRDA:16,3,1,3
BRDA:23,4,0,2
BRDA:23,4,1,3
BRDA:26,5,0,2
BRDA:26,5,1,1
BRDA:26,6,0,3
BRDA:26,6,1,2
BRDA:34,7,0,2
BRDA:34,7,1,3
BRDA:36,8,0,1
BRDA:36,8,1,2
BRDA:36,9,0,3
BRDA:36,9,1,3
BRDA:39,10,0,0
BRDA:39,10,1,2
BRDA:39,11,0,2
BRDA:39,11,1,0
BRDA:39,11,2,0
BRDA:64,12,0,1
BRDA:64,12,1,6
BRDA:66,13,0,0
BRDA:66,13,1,6
BRDA:66,14,0,6
BRDA:66,14,1,6
BRDA:69,15,0,1
BRDA:69,15,1,5
BRDA:72,16,0,1
BRDA:72,16,1,4
BRDA:77,17,0,4
BRDA:77,17,1,0
BRDA:77,18,0,4
BRDA:77,18,1,4
BRDA:87,19,0,3
BRDA:87,19,1,1
BRDA:98,20,0,4
BRDA:98,20,1,0
BRDA:115,21,0,1
BRDA:115,21,1,4
BRDA:118,22,0,1
BRDA:118,22,1,3
BRDA:124,23,0,1
BRDA:124,23,1,2
BRDA:124,24,0,3
BRDA:124,24,1,3
BRDA:133,25,0,2
BRDA:133,25,1,0
BRDA:153,26,0,2
BRDA:153,26,1,0
BRDA:153,27,0,0
BRDA:153,27,1,2
BRDA:153,28,0,2
BRDA:153,28,1,2
BRDA:166,29,0,0
BRDA:166,29,1,0
BRF:61
BRH:50
end_of_record
TN:
SF:src\services\pricing.service.ts
FN:15,(anonymous_0)
FN:29,(anonymous_1)
FN:40,(anonymous_2)
FNF:3
FNH:3
FNDA:5,(anonymous_0)
FNDA:7,(anonymous_1)
FNDA:18,(anonymous_2)
DA:1,4
DA:4,4
DA:6,4
DA:13,4
DA:16,5
DA:17,5
DA:19,2
DA:26,3
DA:35,7
DA:36,1
DA:39,6
DA:40,18
DA:41,2
DA:44,4
LF:14
LH:14
BRDA:17,0,0,2
BRDA:17,0,1,3
BRDA:35,1,0,1
BRDA:35,1,1,6
BRDA:35,2,0,7
BRDA:35,2,1,3
BRDA:35,2,2,3
BRDA:40,3,0,2
BRDA:40,3,1,4
BRF:9
BRH:9
end_of_record
TN:
SF:src\services\webhook.service.ts
FN:42,(anonymous_0)
FN:131,(anonymous_1)
FN:151,(anonymous_2)
FNF:3
FNH:2
FNDA:7,(anonymous_0)
FNDA:0,(anonymous_1)
FNDA:3,(anonymous_2)
DA:1,3
DA:2,3
DA:4,3
DA:5,3
DA:31,3
DA:43,7
DA:49,7
DA:50,1
DA:51,1
DA:54,6
DA:57,6
DA:59,6
DA:61,6
DA:62,5
DA:64,1
DA:67,6
DA:68,6
DA:71,6
DA:72,5
DA:73,4
DA:74,3
DA:79,5
DA:81,2
DA:85,2
DA:87,2
DA:88,2
DA:89,2
DA:90,2
DA:94,5
DA:95,1
DA:96,1
DA:100,4
DA:101,1
DA:102,1
DA:105,3
DA:106,3
DA:109,3
DA:110,3
DA:113,3
DA:114,3
DA:115,1
DA:116,1
DA:118,2
DA:125,2
DA:126,2
DA:130,3
DA:131,3
DA:132,0
DA:135,0
DA:138,3
DA:142,1
DA:143,1
DA:152,3
DA:154,3
DA:156,3
DA:164,3
DA:165,0
DA:166,0
DA:169,3
LF:59
LH:55
BRDA:44,0,0,0
BRDA:44,0,1,7
BRDA:44,1,0,7
BRDA:44,1,1,7
BRDA:49,2,0,1
BRDA:49,2,1,6
BRDA:54,3,0,6
BRDA:54,3,1,0
BRDA:59,4,0,5
BRDA:59,4,1,1
BRDA:59,5,0,6
BRDA:59,5,1,6
BRDA:61,6,0,5
BRDA:61,6,1,1
BRDA:71,7,0,5
BRDA:71,7,1,1
BRDA:73,8,0,3
BRDA:73,8,1,1
BRDA:79,9,0,2
BRDA:79,9,1,3
BRDA:81,10,0,2
BRDA:81,10,1,0
BRDA:81,10,2,0
BRDA:81,10,3,0
BRDA:81,11,0,0
BRDA:81,11,1,2
BRDA:81,12,0,2
BRDA:81,12,1,2
BRDA:87,13,0,2
BRDA:87,13,1,0
BRDA:90,14,0,1
BRDA:90,14,1,1
BRDA:90,15,0,2
BRDA:90,15,1,1
BRDA:94,16,0,1
BRDA:94,16,1,4
BRDA:100,17,0,1
BRDA:100,17,1,3
BRDA:105,18,0,3
BRDA:105,18,1,0
BRDA:105,19,0,3
BRDA:105,19,1,3
BRDA:114,20,0,1
BRDA:114,20,1,2
BRDA:130,21,0,3
BRDA:130,21,1,0
BRDA:164,22,0,0
BRDA:164,22,1,3
BRF:48
BRH:38
end_of_record
TN:
SF:src\utils\bold.util.ts
FN:19,validateBoldSignature
FN:38,(anonymous_2)
FNF:2
FNH:2
FNDA:7,validateBoldSignature
FNDA:10,(anonymous_2)
DA:1,4
DA:3,4
DA:19,4
DA:24,7
DA:25,1
DA:26,1
DA:29,6
DA:31,6
DA:34,6
DA:35,6
DA:38,6
DA:39,10
DA:40,10
DA:41,10
DA:42,6
DA:46,6
DA:47,2
DA:48,2
DA:52,4
DA:53,1
DA:54,1
DA:57,3
DA:58,3
DA:60,0
DA:61,0
LF:25
LH:23
BRDA:24,0,0,1
BRDA:24,0,1,6
BRDA:31,1,0,5
BRDA:31,1,1,1
BRDA:41,2,0,4
BRDA:41,2,1,6
BRDA:46,3,0,2
BRDA:46,3,1,4
BRDA:52,4,0,1
BRDA:52,4,1,3
BRF:10
BRH:10
end_of_record
TN:
SF:src\utils\jwt.util.ts
FN:21,verifyToken
FNF:1
FNH:1
FNDA:15,verifyToken
DA:1,3
DA:2,3
DA:21,3
DA:22,15
LF:4
LH:4
BRF:0
BRH:0
end_of_record
TN:
SF:src\utils\response.util.ts
FN:3,sendSuccess
FN:7,sendError
FNF:2
FNH:2
FNDA:11,sendSuccess
FNDA:5,sendError
DA:3,3
DA:4,11
DA:7,3
DA:8,5
LF:4
LH:4
BRDA:3,0,0,0
BRDA:3,1,0,8
BRDA:7,2,0,0
BRF:3
BRH:1
end_of_record
